{"C:\\Data\\Code\\Express\\ECommerce-ExpressJs-Solution-main\\Express\\app.js": {"path":"C:\\Data\\Code\\Express\\ECommerce-ExpressJs-Solution-main\\Express\\app.js","statementMap":{"0":{"start":{"line":2,"column":16},"end":{"line":2,"column":34}},"1":{"start":{"line":3,"column":12},"end":{"line":3,"column":21}},"2":{"start":{"line":4,"column":14},"end":{"line":4,"column":30}},"3":{"start":{"line":7,"column":0},"end":{"line":7,"column":24}},"4":{"start":{"line":11,"column":4},"end":{"line":24,"column":5}},"5":{"start":{"line":12,"column":23},"end":{"line":12,"column":43}},"6":{"start":{"line":15,"column":29},"end":{"line":15,"column":100}},"7":{"start":{"line":18,"column":8},"end":{"line":18,"column":41}},"8":{"start":{"line":20,"column":8},"end":{"line":20,"column":15}},"9":{"start":{"line":23,"column":8},"end":{"line":23,"column":20}},"10":{"start":{"line":28,"column":0},"end":{"line":35,"column":3}},"11":{"start":{"line":29,"column":4},"end":{"line":34,"column":5}},"12":{"start":{"line":30,"column":25},"end":{"line":30,"column":86}},"13":{"start":{"line":31,"column":8},"end":{"line":31,"column":44}},"14":{"start":{"line":33,"column":8},"end":{"line":33,"column":64}},"15":{"start":{"line":38,"column":0},"end":{"line":45,"column":3}},"16":{"start":{"line":39,"column":4},"end":{"line":44,"column":5}},"17":{"start":{"line":40,"column":25},"end":{"line":40,"column":103}},"18":{"start":{"line":41,"column":8},"end":{"line":41,"column":44}},"19":{"start":{"line":43,"column":8},"end":{"line":43,"column":63}},"20":{"start":{"line":48,"column":0},"end":{"line":57,"column":3}},"21":{"start":{"line":49,"column":4},"end":{"line":56,"column":5}},"22":{"start":{"line":50,"column":32},"end":{"line":50,"column":40}},"23":{"start":{"line":52,"column":25},"end":{"line":52,"column":120}},"24":{"start":{"line":53,"column":8},"end":{"line":53,"column":44}},"25":{"start":{"line":55,"column":8},"end":{"line":55,"column":68}},"26":{"start":{"line":60,"column":0},"end":{"line":73,"column":3}},"27":{"start":{"line":61,"column":25},"end":{"line":61,"column":33}},"28":{"start":{"line":62,"column":21},"end":{"line":62,"column":33}},"29":{"start":{"line":64,"column":4},"end":{"line":72,"column":5}},"30":{"start":{"line":65,"column":8},"end":{"line":69,"column":11}},"31":{"start":{"line":71,"column":8},"end":{"line":71,"column":69}},"32":{"start":{"line":75,"column":0},"end":{"line":75,"column":21}}},"fnMap":{"0":{"name":"fetchUserDataFromAPI","decl":{"start":{"line":10,"column":15},"end":{"line":10,"column":35}},"loc":{"start":{"line":10,"column":52},"end":{"line":25,"column":1}},"line":10},"1":{"name":"(anonymous_1)","decl":{"start":{"line":28,"column":18},"end":{"line":28,"column":19}},"loc":{"start":{"line":28,"column":38},"end":{"line":35,"column":1}},"line":28},"2":{"name":"(anonymous_2)","decl":{"start":{"line":38,"column":22},"end":{"line":38,"column":23}},"loc":{"start":{"line":38,"column":42},"end":{"line":45,"column":1}},"line":38},"3":{"name":"(anonymous_3)","decl":{"start":{"line":48,"column":22},"end":{"line":48,"column":23}},"loc":{"start":{"line":48,"column":42},"end":{"line":57,"column":1}},"line":48},"4":{"name":"(anonymous_4)","decl":{"start":{"line":60,"column":43},"end":{"line":60,"column":44}},"loc":{"start":{"line":60,"column":57},"end":{"line":73,"column":1}},"line":60}},"branchMap":{"0":{"loc":{"start":{"line":12,"column":23},"end":{"line":12,"column":43}},"type":"binary-expr","locations":[{"start":{"line":12,"column":23},"end":{"line":12,"column":38}},{"start":{"line":12,"column":42},"end":{"line":12,"column":43}}],"line":12},"1":{"loc":{"start":{"line":64,"column":4},"end":{"line":72,"column":5}},"type":"if","locations":[{"start":{"line":64,"column":4},"end":{"line":72,"column":5}},{"start":{"line":70,"column":11},"end":{"line":72,"column":5}}],"line":64}},"s":{"0":1,"1":1,"2":1,"3":1,"4":2,"5":2,"6":2,"7":1,"8":1,"9":1,"10":1,"11":1,"12":1,"13":1,"14":0,"15":1,"16":2,"17":2,"18":1,"19":1,"20":1,"21":2,"22":2,"23":2,"24":1,"25":1,"26":1,"27":1,"28":1,"29":1,"30":1,"31":0,"32":1},"f":{"0":2,"1":1,"2":2,"3":2,"4":1},"b":{"0":[2,0],"1":[1,0]},"_coverageSchema":"1a1c01bbd47fc00a2c39e90264f33305004495a9","hash":"2c2363261b5dc93ab055cccb00b25ae64c9509eb"}
}
