TN:
SF:app.js
FN:10,fetchUserDataFromAPI
FN:28,(anonymous_1)
FN:38,(anonymous_2)
FN:48,(anonymous_3)
FN:60,(anonymous_4)
FNF:5
FNH:5
FNDA:2,fetchUserDataFromAPI
FNDA:1,(anonymous_1)
FNDA:2,(anonymous_2)
FNDA:2,(anonymous_3)
FNDA:1,(anonymous_4)
DA:2,1
DA:3,1
DA:4,1
DA:7,1
DA:11,2
DA:12,2
DA:15,2
DA:18,1
DA:20,1
DA:23,1
DA:28,1
DA:29,1
DA:30,1
DA:31,1
DA:33,0
DA:38,1
DA:39,2
DA:40,2
DA:41,1
DA:43,1
DA:48,1
DA:49,2
DA:50,2
DA:52,2
DA:53,1
DA:55,1
DA:60,1
DA:61,1
DA:62,1
DA:64,1
DA:65,1
DA:71,0
DA:75,1
LF:33
LH:31
BRDA:12,0,0,2
BRDA:12,0,1,0
BRDA:64,1,0,1
BRDA:64,1,1,0
BRF:4
BRH:2
end_of_record
